// Output created by jacc on Tue Jan 31 22:10:02 CET 2012

state 0 (entry on fighter)
    $accept : _fighter $end

    IDENT shift 2
    . error

    fighter goto 1

state 1 (entry on fighter)
    $accept : fighter_$end

    $end accept
    . error

state 2 (entry on IDENT)
    fighter : IDENT_'{' defs '}'    (1)

    '{' shift 3
    . error

state 3 (entry on '{')
    fighter : IDENT '{'_defs '}'    (1)
    defs : _    (3)

    IDENT shift 7
    '(' shift 8
    '}' reduce 3
    . error

    condition goto 4
    def goto 5
    defs goto 6

state 4 (entry on condition)
    condition : condition_AND condition    (7)
    condition : condition_OR condition    (8)
    def : condition_'[' action action ']'    (5)

    AND shift 9
    OR shift 10
    '[' shift 11
    . error

state 5 (entry on def)
    defs : def_defs    (2)
    defs : _    (3)

    IDENT shift 7
    '(' shift 8
    '}' reduce 3
    . error

    condition goto 4
    def goto 5
    defs goto 12

state 6 (entry on defs)
    fighter : IDENT '{' defs_'}'    (1)

    '}' shift 13
    . error

state 7 (entry on IDENT)
    condition : IDENT_    (6)
    def : IDENT_'=' INTEGER    (4)

    '=' shift 14
    '[' reduce 6
    OR reduce 6
    AND reduce 6
    . error

state 8 (entry on '(')
    condition : '('_condition ')'    (9)

    '(' shift 8
    IDENT shift 16
    . error

    condition goto 15

state 9 (entry on AND)
    condition : condition AND_condition    (7)

    '(' shift 8
    IDENT shift 16
    . error

    condition goto 17

state 10 (entry on OR)
    condition : condition OR_condition    (8)

    '(' shift 8
    IDENT shift 16
    . error

    condition goto 18

state 11 (entry on '[')
    def : condition '['_action action ']'    (5)

    CHOOSE shift 20
    IDENT shift 21
    . error

    action goto 19

state 12 (entry on defs)
    defs : def defs_    (2)

    '}' reduce 2
    . error

state 13 (entry on '}')
    fighter : IDENT '{' defs '}'_    (1)

    $end reduce 1
    . error

state 14 (entry on '=')
    def : IDENT '='_INTEGER    (4)

    INTEGER shift 22
    . error

state 15 (entry on condition)
    condition : condition_AND condition    (7)
    condition : condition_OR condition    (8)
    condition : '(' condition_')'    (9)

    AND shift 9
    OR shift 10
    ')' shift 23
    . error

state 16 (entry on IDENT)
    condition : IDENT_    (6)

    '[' reduce 6
    OR reduce 6
    ')' reduce 6
    AND reduce 6
    . error

state 17 (entry on condition)
    condition : condition_AND condition    (7)
    condition : condition AND condition_    (7)
    condition : condition_OR condition    (8)

    '[' reduce 7
    OR reduce 7
    ')' reduce 7
    AND reduce 7
    . error

state 18 (entry on condition)
    condition : condition_AND condition    (7)
    condition : condition_OR condition    (8)
    condition : condition OR condition_    (8)

    AND shift 9
    '[' reduce 8
    OR reduce 8
    ')' reduce 8
    . error

state 19 (entry on action)
    def : condition '[' action_action ']'    (5)

    CHOOSE shift 20
    IDENT shift 21
    . error

    action goto 24

state 20 (entry on CHOOSE)
    action : CHOOSE_'(' actions ')'    (11)

    '(' shift 25
    . error

state 21 (entry on IDENT)
    action : IDENT_    (10)

    ']' reduce 10
    IDENT reduce 10
    CHOOSE reduce 10
    . error

state 22 (entry on INTEGER)
    def : IDENT '=' INTEGER_    (4)

    '}' reduce 4
    '(' reduce 4
    IDENT reduce 4
    . error

state 23 (entry on ')')
    condition : '(' condition ')'_    (9)

    '[' reduce 9
    OR reduce 9
    ')' reduce 9
    AND reduce 9
    . error

state 24 (entry on action)
    def : condition '[' action action_']'    (5)

    ']' shift 26
    . error

state 25 (entry on '(')
    action : CHOOSE '('_actions ')'    (11)

    IDENT shift 28
    . error

    actions goto 27

state 26 (entry on ']')
    def : condition '[' action action ']'_    (5)

    '}' reduce 5
    '(' reduce 5
    IDENT reduce 5
    . error

state 27 (entry on actions)
    action : CHOOSE '(' actions_')'    (11)

    ')' shift 29
    . error

state 28 (entry on IDENT)
    actions : IDENT_actions    (12)
    actions : IDENT_    (13)

    IDENT shift 28
    ')' reduce 13
    . error

    actions goto 30

state 29 (entry on ')')
    action : CHOOSE '(' actions ')'_    (11)

    ']' reduce 11
    IDENT reduce 11
    CHOOSE reduce 11
    . error

state 30 (entry on actions)
    actions : IDENT actions_    (12)

    ')' reduce 12
    . error

15 terminals, 6 nonterminals;
13 grammar rules, 31 states;
0 shift/reduce and 0 reduce/reduce conflicts reported.
